<?xml version="1.0" encoding="UTF-8"?>
<!-- Generated by org.testng.reporters.JUnitReportReporter -->
<testsuite hostname="LENOVO10" name="com.dice.tools.SortRankingTest" tests="1" failures="0" timestamp="4 Oct 2019 10:16:02 GMT" time="1.008" errors="0">
  <testcase name="testOrderListRateDTO" time="1.008" classname="com.dice.tools.SortRankingTest"/>
</testsuite> <!-- com.dice.tools.SortRankingTest -->
